<?xml version="1.0" encoding="UTF-8"?>
<!-- Generated by org.testng.reporters.JUnitReportReporter -->
<testsuite hostname="LAPTOP-EK9JUR7J" failures="0" tests="1" name="mainTest.Multibrowsers" time="4.007" errors="0" timestamp="03 Jun 2020 05:21:31 GMT" skipped="0">
  <testcase classname="mainTest.Multibrowsers" name="openurl" time="4.007"/>
</testsuite> <!-- mainTest.Multibrowsers -->
