<?xml version="1.0" encoding="UTF-8"?>
<!-- Generated by org.testng.reporters.JUnitReportReporter -->
<testsuite hostname="LAPTOP-EK9JUR7J" failures="0" tests="3" name="Uploadfile.uploadfile" time="4.955" errors="0" timestamp="05 Jun 2020 10:27:15 GMT" skipped="2">
  <testcase classname="Uploadfile.uploadfile" name="gettext" time="4.955"/>
  <testcase classname="Uploadfile.uploadfile" name="Pagetitle">
    <skipped/>
  </testcase> <!-- Pagetitle -->
  <testcase classname="Uploadfile.uploadfile" name="f">
    <skipped/>
  </testcase> <!-- f -->
</testsuite> <!-- Uploadfile.uploadfile -->
